make all --print-data-base --no-builtin-variables --no-builtin-rules --question
make: *** No rule to make target 'all'.  Stop.
 
# GNU Make 4.2.1
# Built for aarch64-unknown-linux-gnu
# Copyright (C) 1988-2016 Free Software Foundation, Inc.
# License GPLv3+: GNU GPL version 3 or later <http://gnu.org/licenses/gpl.html>
# This is free software: you are free to change and redistribute it.
# There is NO WARRANTY, to the extent permitted by law.

# Make data base, printed on Sun Jan 23 08:43:39 2022

# Variables

# 'override' directive
GNUMAKEFLAGS := 
# automatic
<D = $(patsubst %/,%,$(dir $<))
# makefile (from 'Makefile', line 4)
PREFIX := /usr/local
# automatic
?F = $(notdir $?)
# environment
DESKTOP_SESSION = ubuntu
# default
.SHELLFLAGS := -c
# environment
XDG_SESSION_CLASS = user
# environment
XDG_SESSION_TYPE = x11
# environment
VSCODE_LOG_NATIVE = false
# automatic
?D = $(patsubst %/,%,$(dir $?))
# environment
IM_CONFIG_PHASE = 1
# environment
PLATFORMIO_IDE = 2.4.0
# automatic
@D = $(patsubst %/,%,$(dir $@))
# environment
XAUTHORITY = /run/user/1000/gdm/Xauthority
# environment
GDMSESSION = ubuntu
# environment
XMODIFIERS = @im=ibus
# makefile
CURDIR := /media/psf/Home/Projects/alpine-make-rootfs
# makefile
SHELL = /bin/sh
# environment
VSCODE_NLS_CONFIG = {"locale":"en-us","availableLanguages":{},"_languagePackSupport":true}
# environment
_ = /usr/share/code-insiders/code-insiders
# environment
JOURNAL_STREAM = 8:40531
# environment
XDG_CONFIG_DIRS = /etc/xdg/xdg-ubuntu:/etc/xdg
# makefile (from 'Makefile', line 7)
SHA1SUM := sha1sum
# makefile (from 'Makefile', line 1)
MAKEFILE_LIST :=  Makefile
# automatic
@F = $(notdir $@)
# environment
GIO_LAUNCHED_DESKTOP_FILE = /usr/share/applications/code-insiders.desktop
# environment
QT_IM_MODULE = ibus
# environment
USERNAME = christopherbrown
# environment
XDG_DATA_DIRS = /usr/share/ubuntu:/usr/local/share/:/usr/share/:/var/lib/snapd/desktop
# environment
DBUS_SESSION_BUS_ADDRESS = unix:path=/run/user/1000/bus
# environment
VSCODE_VERBOSE_LOGGING = true
# environment
MANAGERPID = 2462
# environment
VSCODE_IPC_HOOK_EXTHOST = /run/user/1000/vscode-ipc-168a0d27-d6e5-4fe2-ade2-345cc3b2ccf8.sock
# environment
VSCODE_CWD = /home/christopherbrown
# default
MAKE_HOST := aarch64-unknown-linux-gnu
# environment
NO_PROXY = 127.0.0.1
# environment
GPG_AGENT_INFO = /run/user/1000/gnupg/S.gpg-agent:0:1
# environment
LSCOLORS = Gxfxcxdxbxegedabagacad
# environment
SESSION_MANAGER = local/ubudesk:@/tmp/.ICE-unix/2674,unix/ubudesk:/tmp/.ICE-unix/2674
# environment
XDG_RUNTIME_DIR = /run/user/1000
# environment
XDG_MENU_PREFIX = gnome-
# environment
VSCODE_LOG_STACK = true
# environment
VSCODE_CRASH_REPORTER_START_OPTIONS = {"companyName":"Microsoft","productName":"VSCode","submitURL":"appcenter://code-insiders?aid=a04472a4-f4ea-4854-bf12-95bb0f2dd01a&uid=e9cc83ff-f5a5-4cc3-86d3-ee2dd77bd3a9&iid=e9cc83ff-f5a5-4cc3-86d3-ee2dd77bd3a9&sid=e9cc83ff-f5a5-4cc3-86d3-ee2dd77bd3a9","uploadToServer":true}
# environment
INVOCATION_ID = f44469ba2081462e991383114e5f1925
# default
.FEATURES := target-specific order-only second-expansion else-if shortest-stem undefine oneshell archives jobserver output-sync check-symlink load
# environment
LS_COLORS = 
# environment
XDG_SESSION_DESKTOP = ubuntu
# environment
SSH_AUTH_SOCK = /run/user/1000/keyring/ssh
# environment
GIO_LAUNCHED_DESKTOP_FILE_PID = 8812
# automatic
%F = $(notdir $%)
# environment
DISPLAY = :0
# environment
VSCODE_PIPE_LOGGING = true
# environment
PWD = /media/psf/Home/Projects/alpine-make-rootfs
# default
.LOADED := 
# environment
SSH_AGENT_PID = 2636
# environment
ORIGINAL_XDG_CURRENT_DESKTOP = ubuntu:GNOME
# environment
GTK_MODULES = gail:atk-bridge
# environment
VSCODE_AMD_ENTRYPOINT = vs/workbench/services/extensions/node/extensionHostProcess
# environment
HOME = /home/christopherbrown
# makefile (from 'Makefile', line 6)
SED := sed
# environment
VSCODE_CODE_CACHE_PATH = /home/christopherbrown/.config/Code - Insiders/CachedData/23664355e61f3fb614932a5cb16613b4d987cfb7
# environment
LOGNAME = christopherbrown
# environment
APPLICATION_INSIGHTS_NO_DIAGNOSTIC_CHANNEL = true
# environment
ZSH = /home/christopherbrown/.oh-my-zsh
# environment
VSCODE_HANDLES_UNCAUGHT_ERRORS = true
# environment
GNOME_DESKTOP_SESSION_ID = this-is-deprecated
# automatic
^D = $(patsubst %/,%,$(dir $^))
# environment
MAKELEVEL := 0
# environment
PLATFORMIO_PATH = /home/christopherbrown/.platformio/python3/bin:/home/christopherbrown/.cargo/bin:/usr/local/sbin:/usr/local/bin:/usr/sbin:/usr/bin:/sbin:/bin:/usr/games:/usr/local/games:/snap/bin
# default
MAKE = $(MAKE_COMMAND)
# default
MAKECMDGOALS := all
# environment
PATH = /home/christopherbrown/.cargo/bin:/usr/local/sbin:/usr/local/bin:/usr/sbin:/usr/bin:/sbin:/bin:/usr/games:/usr/local/games:/snap/bin
# environment
SHLVL = 0
# environment
GNOME_SHELL_SESSION_MODE = ubuntu
# default
MAKE_VERSION := 4.2.1
# environment
USER = christopherbrown
# makefile
.DEFAULT_GOAL := bump-version
# environment
XDG_CURRENT_DESKTOP = Unity
# makefile (from 'Makefile', line 3)
DESTDIR := /
# environment
LESS = -R
# automatic
%D = $(patsubst %/,%,$(dir $%))
# default
MAKE_COMMAND := make
# environment
OLDPWD = /home/christopherbrown
# default
.VARIABLES := 
# automatic
*F = $(notdir $*)
# environment
VSCODE_IPC_HOOK = /run/user/1000/vscode-1cd2b290-1.64.0-insider-main.sock
# makefile
MAKEFLAGS = pqrR
# environment
MFLAGS = -pqrR
# automatic
*D = $(patsubst %/,%,$(dir $*))
# environment
BREAKPAD_DUMP_LOCATION = /home/christopherbrown/.config/Code - Insiders/exthost Crash Reports
# automatic
+D = $(patsubst %/,%,$(dir $+))
# environment
GDK_BACKEND = x11
# automatic
+F = $(notdir $+)
# environment
QT_ACCESSIBILITY = 1
# 'override' directive
.SHELLSTATUS := 0
# default
MAKEFILES := 
# automatic
<F = $(notdir $<)
# environment
PLATFORMIO_CALLER = vscode
# environment
ELECTRON_RUN_AS_NODE = 1
# environment
PAGER = less
# environment
LC_ALL = C
# makefile (from 'Makefile', line 1)
SCRIPT_NAME := alpine-make-rootfs
# environment
GJS_DEBUG_TOPICS = JS ERROR;JS LOG
# automatic
^F = $(notdir $^)
# default
SUFFIXES := 
# environment
CHROME_DESKTOP = code-insiders-url-handler.desktop
# environment
WINDOWPATH = 2
# default
.INCLUDE_DIRS = /usr/include /usr/local/include /usr/include
# environment
GJS_DEBUG_OUTPUT = stderr
# default
.RECIPEPREFIX := 
# environment
LANG = C
# environment
VSCODE_PID = 8812
# variable set hash-table stats:
# Load=112/1024=11%, Rehash=0, Collisions=18/140=13%

# Pattern-specific Variable Values

# No pattern-specific variable values.

# Directories

# . (device 56, inode 7011140): 11 files, no impossibilities.

# 11 files, no impossibilities in 1 directories.

# Implicit Rules

# No implicit rules.

# Files

# Not a target:
all:
#  Command line target.
#  Implicit rule search has been done.
#  File does not exist.
#  File has not been updated.

.PHONY: bump-version install readme-update-checksum release help .check-git-clean
#  Implicit rule search has not been done.
#  Modification time never checked.
#  File has not been updated.

# Not a target:
Makefile:
#  Implicit rule search has been done.
#  Last modified 2022-01-23 08:43:25
#  File has been updated.
#  Successfully updated.

help:
#  Phony target (prerequisite of .PHONY).
#  Implicit rule search has not been done.
#  File does not exist.
#  File has not been updated.
#  recipe to execute (from 'Makefile', line 40):
 
	@printf '%s\n\n' 'List of targets:'
	@$(SED) -En '/^#:.*/{ N; s/^#: (.*)\n([A-Za-z0-9_-]+).*/\2 \1/p }' $(MAKEFILE_LIST) \
		| while read label desc; do printf '%-30s %s\n' "$$label" "$$desc"; done

bump-version:
#  Phony target (prerequisite of .PHONY).
#  Implicit rule search has not been done.
#  File does not exist.
#  File has not been updated.
#  recipe to execute (from 'Makefile', line 16):
	test -n "$(VERSION)"  # $$VERSION
	$(SED) -E -i "s/^(readonly VERSION)=.*/\1='$(VERSION)'/" $(SCRIPT_NAME)
	$(SED) -E -i "s/^(:version:).*/\1 $(VERSION)/" README.adoc

release: .check-git-clean | bump-version readme-update-checksum
#  Phony target (prerequisite of .PHONY).
#  Implicit rule search has not been done.
#  File does not exist.
#  File has not been updated.
#  recipe to execute (from 'Makefile', line 33):
	test -n "$(VERSION)"  # $$VERSION
	git add .
	git commit -m "Release version $(VERSION)"
	git tag -s v$(VERSION) -m v$(VERSION)

# Not a target:
.DEFAULT:
#  Implicit rule search has not been done.
#  Modification time never checked.
#  File has not been updated.

.check-git-clean:
#  Phony target (prerequisite of .PHONY).
#  Implicit rule search has not been done.
#  File does not exist.
#  File has not been updated.
#  recipe to execute (from 'Makefile', line 45):
	@test -z "$(shell git status --porcelain)" \
		|| { echo 'You have uncommitted changes!' >&2; exit 1; }

readme-update-checksum:
#  Phony target (prerequisite of .PHONY).
#  Implicit rule search has not been done.
#  File does not exist.
#  File has not been updated.
#  recipe to execute (from 'Makefile', line 27):
	$(SED) -E -i \
		-e "s/^(:script-sha1:).*/\1 $(shell $(SHA1SUM) $(SCRIPT_NAME) | cut -d ' ' -f 1)/" \
		README.adoc

install:
#  Phony target (prerequisite of .PHONY).
#  Implicit rule search has not been done.
#  File does not exist.
#  File has not been updated.
#  recipe to execute (from 'Makefile', line 22):
	mkdir -p $(DESTDIR)$(PREFIX)/bin
	install -m 755 $(SCRIPT_NAME) $(DESTDIR)$(PREFIX)/bin/$(SCRIPT_NAME)

# files hash-table stats:
# Load=11/1024=1%, Rehash=0, Collisions=0/31=0%
# VPATH Search Paths

# No 'vpath' search paths.

# No general ('VPATH' variable) search path.

# strcache buffers: 1 (0) / strings = 23 / storage = 236 B / avg = 10 B
# current buf: size = 8162 B / used = 236 B / count = 23 / avg = 10 B

# strcache performance: lookups = 43 / hit rate = 46%
# hash-table stats:
# Load=23/8192=0%, Rehash=0, Collisions=1/43=2%
# Finished Make data base on Sun Jan 23 08:43:39 2022

 
